--2023-06-10 00:22:38--  https://intranet-projects-files.s3.amazonaws.com/holbertonschool-sysadmin_devops/80/apache-access.log
Resolving intranet-projects-files.s3.amazonaws.com (intranet-projects-files.s3.amazonaws.com)... 52.216.176.11, 52.217.203.89, 54.231.140.105, ...
Connecting to intranet-projects-files.s3.amazonaws.com (intranet-projects-files.s3.amazonaws.com)|52.216.176.11|:443... connected.
HTTP request sent, awaiting response... 200 OK
Length: 809546 (791K) [application/octet-stream]
Saving to: ‘apache-access.log.1’

     0K .......... .......... .......... .......... ..........  6%  186K 4s
    50K .......... .......... .......... .......... .......... 12%  262K 3s
   100K .......... .......... .......... .......... .......... 18%  208K 3s
   150K .......... .......... .......... .......... .......... 25%  779K 2s
   200K .......... .......... .......... .......... .......... 31% 1.18M 2s
   250K .......... .......... .......... .......... .......... 37%  497K 1s
   300K .......... .......... .......... .......... .......... 44% 1.62M 1s
   350K .......... .......... .......... .......... .......... 50% 1.56M 1s
   400K .......... .......... .......... .......... .......... 56% 1.10M 1s
   450K .......... .......... .......... .......... .......... 63% 1.73M 1s
   500K .......... .......... .......... .......... .......... 69% 1.19M 0s
   550K .......... .......... .......... .......... .......... 75%  754K 0s
   600K .......... .......... .......... .......... .......... 82% 1.06M 0s
   650K .......... .......... .......... .......... .......... 88% 1.06M 0s
   700K .......... .......... .......... .......... .......... 94%  705K 0s
   750K .......... .......... .......... ..........           100% 2.50M=1.3s

2023-06-10 00:22:41 (596 KB/s) - ‘apache-access.log.1’ saved [809546/809546]

